Luna 2 CLI Log File
[DEBUG]:[2023-03-10 14:19:19,013]:[MainThread]:[log.py:init_log@55] - ######### Luna Logging Level IsSet To [DEBUG] #########
[DEBUG]:[2023-03-10 14:19:19,021]:[MainThread]:[control.py:__init__@34] - Arguments Supplied => {'debug': True, 'command': 'control', 'power': 'power', 'action': 'status', 'node': 'node[001-100]'}
[DEBUG]:[2023-03-10 14:19:19,022]:[MainThread]:[helper.py:get_hostlist@85] - Received hostlist: node[001-100].
[DEBUG]:[2023-03-10 14:19:19,024]:[MainThread]:[helper.py:get_hostlist@88] - Expanded hostlist: ['node001', 'node002', 'node003', 'node004', 'node005', 'node006', 'node007', 'node008', 'node009', 'node010', 'node011', 'node012', 'node013', 'node014', 'node015', 'node016', 'node017', 'node018', 'node019', 'node020', 'node021', 'node022', 'node023', 'node024', 'node025', 'node026', 'node027', 'node028', 'node029', 'node030', 'node031', 'node032', 'node033', 'node034', 'node035', 'node036', 'node037', 'node038', 'node039', 'node040', 'node041', 'node042', 'node043', 'node044', 'node045', 'node046', 'node047', 'node048', 'node049', 'node050', 'node051', 'node052', 'node053', 'node054', 'node055', 'node056', 'node057', 'node058', 'node059', 'node060', 'node061', 'node062', 'node063', 'node064', 'node065', 'node066', 'node067', 'node068', 'node069', 'node070', 'node071', 'node072', 'node073', 'node074', 'node075', 'node076', 'node077', 'node078', 'node079', 'node080', 'node081', 'node082', 'node083', 'node084', 'node085', 'node086', 'node087', 'node088', 'node089', 'node090', 'node091', 'node092', 'node093', 'node094', 'node095', 'node096', 'node097', 'node098', 'node099', 'node100'].
[DEBUG]:[2023-03-10 14:19:19,028]:[MainThread]:[rest.py:__init__@37] - INI File => /trinity/local/luna/config/luna.ini READ Check is True
[DEBUG]:[2023-03-10 14:19:19,034]:[MainThread]:[rest.py:__init__@47] - INI File Username => luna, Password luna and Endpoint controller.cluster:7050
[DEBUG]:[2023-03-10 14:19:19,035]:[MainThread]:[rest.py:get_token@62] - Token URL => http://controller.cluster:7050/token
[DEBUG]:[2023-03-10 14:19:19,040]:[MainThread]:[connectionpool.py:_new_conn@228] - Starting new HTTP connection (1): controller.cluster:7050
[DEBUG]:[2023-03-10 14:19:19,071]:[MainThread]:[connectionpool.py:_make_request@456] - http://controller.cluster:7050 "POST /token HTTP/1.1" 201 128
[DEBUG]:[2023-03-10 14:19:19,072]:[MainThread]:[rest.py:get_token@64] - Response Content => b'{"token": "eyJhbGciOiJIUzI1NiIsInR5cCI6IkpXVCJ9.eyJpZCI6MCwiZXhwIjoxNjgzNjM4MzUyfQ.vfw4qMopBhuj0Yvz7-9pI4A06jACGTFocMOsB6K1a2E"}', and HTTP Code 201
[DEBUG]:[2023-03-10 14:19:19,074]:[MainThread]:[rest.py:post_raw@183] - Clone URL => http://controller.cluster:7050/control/power
[DEBUG]:[2023-03-10 14:19:19,077]:[MainThread]:[connectionpool.py:_new_conn@228] - Starting new HTTP connection (1): controller.cluster:7050
[DEBUG]:[2023-03-10 14:19:22,120]:[MainThread]:[connectionpool.py:_make_request@456] - http://controller.cluster:7050 "POST /control/power HTTP/1.1" 200 362
[DEBUG]:[2023-03-10 14:19:22,122]:[MainThread]:[rest.py:post_raw@185] - Response Content => b'{"control": {"power": {"failed": {"hostlist": "node098,node099,node100,node096,node097,node094,node093,node095,node092,node091,node090,node089,node087,node088,node086,node085,node084,node083,node079,node081,node082,node078,node080,node077,node076,node075,node074"}, "off": {"hostlist": ""}, "on": {"hostlist": ""}, "request_id": "1678454352.86862751519115942"}}}', and HTTP Code 200
[DEBUG]:[2023-03-10 14:19:22,145]:[MainThread]:[rest.py:__init__@37] - INI File => /trinity/local/luna/config/luna.ini READ Check is True
[DEBUG]:[2023-03-10 14:19:22,152]:[MainThread]:[rest.py:__init__@47] - INI File Username => luna, Password luna and Endpoint controller.cluster:7050
[DEBUG]:[2023-03-10 14:19:22,153]:[MainThread]:[rest.py:get_token@62] - Token URL => http://controller.cluster:7050/token
[DEBUG]:[2023-03-10 14:19:22,157]:[MainThread]:[connectionpool.py:_new_conn@228] - Starting new HTTP connection (1): controller.cluster:7050
[DEBUG]:[2023-03-10 14:19:22,201]:[MainThread]:[connectionpool.py:_make_request@456] - http://controller.cluster:7050 "POST /token HTTP/1.1" 201 128
[DEBUG]:[2023-03-10 14:19:22,204]:[MainThread]:[rest.py:get_token@64] - Response Content => b'{"token": "eyJhbGciOiJIUzI1NiIsInR5cCI6IkpXVCJ9.eyJpZCI6MCwiZXhwIjoxNjgzNjM4MzU1fQ.gfs0gjf-v4kpA2XoKCJDP-mAuLBzH82uNSXxNJVe7No"}', and HTTP Code 201
[DEBUG]:[2023-03-10 14:19:22,205]:[MainThread]:[rest.py:get_raw@168] - RAW URL => http://controller.cluster:7050/control/status/1678454352.86862751519115942
[DEBUG]:[2023-03-10 14:19:22,209]:[MainThread]:[connectionpool.py:_new_conn@228] - Starting new HTTP connection (1): controller.cluster:7050
[DEBUG]:[2023-03-10 14:19:22,261]:[MainThread]:[connectionpool.py:_make_request@456] - http://controller.cluster:7050 "GET /control/status/1678454352.86862751519115942 HTTP/1.1" 200 101
[DEBUG]:[2023-03-10 14:19:22,263]:[MainThread]:[rest.py:get_raw@170] - Response Content => b'{"control": {"power": {"failed": {"hostlist": ""}, "off": {"hostlist": ""}, "on": {"hostlist": ""}}}}', and HTTP Code 200
[DEBUG]:[2023-03-10 14:24:28,257]:[MainThread]:[log.py:init_log@55] - ######### Luna Logging Level IsSet To [DEBUG] #########
[DEBUG]:[2023-03-10 14:24:28,258]:[MainThread]:[control.py:__init__@34] - Arguments Supplied => {'debug': True, 'command': 'control', 'power': 'power', 'action': 'status', 'node': 'node[001-100]'}
[DEBUG]:[2023-03-10 14:24:28,259]:[MainThread]:[helper.py:get_hostlist@85] - Received hostlist: node[001-100].
[DEBUG]:[2023-03-10 14:24:28,261]:[MainThread]:[helper.py:get_hostlist@88] - Expanded hostlist: ['node001', 'node002', 'node003', 'node004', 'node005', 'node006', 'node007', 'node008', 'node009', 'node010', 'node011', 'node012', 'node013', 'node014', 'node015', 'node016', 'node017', 'node018', 'node019', 'node020', 'node021', 'node022', 'node023', 'node024', 'node025', 'node026', 'node027', 'node028', 'node029', 'node030', 'node031', 'node032', 'node033', 'node034', 'node035', 'node036', 'node037', 'node038', 'node039', 'node040', 'node041', 'node042', 'node043', 'node044', 'node045', 'node046', 'node047', 'node048', 'node049', 'node050', 'node051', 'node052', 'node053', 'node054', 'node055', 'node056', 'node057', 'node058', 'node059', 'node060', 'node061', 'node062', 'node063', 'node064', 'node065', 'node066', 'node067', 'node068', 'node069', 'node070', 'node071', 'node072', 'node073', 'node074', 'node075', 'node076', 'node077', 'node078', 'node079', 'node080', 'node081', 'node082', 'node083', 'node084', 'node085', 'node086', 'node087', 'node088', 'node089', 'node090', 'node091', 'node092', 'node093', 'node094', 'node095', 'node096', 'node097', 'node098', 'node099', 'node100'].
[DEBUG]:[2023-03-10 14:24:28,267]:[MainThread]:[rest.py:__init__@37] - INI File => /trinity/local/luna/config/luna.ini READ Check is True
[DEBUG]:[2023-03-10 14:24:28,273]:[MainThread]:[rest.py:__init__@47] - INI File Username => luna, Password luna and Endpoint controller.cluster:7050
[DEBUG]:[2023-03-10 14:24:28,274]:[MainThread]:[rest.py:get_token@62] - Token URL => http://controller.cluster:7050/token
[DEBUG]:[2023-03-10 14:24:28,278]:[MainThread]:[connectionpool.py:_new_conn@228] - Starting new HTTP connection (1): controller.cluster:7050
[DEBUG]:[2023-03-10 14:24:28,320]:[MainThread]:[connectionpool.py:_make_request@456] - http://controller.cluster:7050 "POST /token HTTP/1.1" 201 128
[DEBUG]:[2023-03-10 14:24:28,322]:[MainThread]:[rest.py:get_token@64] - Response Content => b'{"token": "eyJhbGciOiJIUzI1NiIsInR5cCI6IkpXVCJ9.eyJpZCI6MCwiZXhwIjoxNjgzNjM4NjYyfQ.La2a93pBgv5xLV6KNfO0t_VcsEWyZ2wpqgLKXnTmgbw"}', and HTTP Code 201
[DEBUG]:[2023-03-10 14:24:28,323]:[MainThread]:[rest.py:post_raw@183] - Clone URL => http://controller.cluster:7050/control/power
[DEBUG]:[2023-03-10 14:24:28,326]:[MainThread]:[connectionpool.py:_new_conn@228] - Starting new HTTP connection (1): controller.cluster:7050
[DEBUG]:[2023-03-10 14:24:31,369]:[MainThread]:[connectionpool.py:_make_request@456] - http://controller.cluster:7050 "POST /control/power HTTP/1.1" 200 362
[DEBUG]:[2023-03-10 14:24:31,370]:[MainThread]:[rest.py:post_raw@185] - Response Content => b'{"control": {"power": {"failed": {"hostlist": "node100,node099,node097,node098,node096,node092,node095,node094,node093,node089,node088,node090,node091,node083,node085,node086,node087,node084,node081,node082,node080,node077,node078,node076,node075,node074,node079"}, "off": {"hostlist": ""}, "on": {"hostlist": ""}, "request_id": "1678454662.10876686971115942"}}}', and HTTP Code 200
[DEBUG]:[2023-03-10 14:24:31,404]:[MainThread]:[rest.py:__init__@37] - INI File => /trinity/local/luna/config/luna.ini READ Check is True
[DEBUG]:[2023-03-10 14:24:31,415]:[MainThread]:[rest.py:__init__@47] - INI File Username => luna, Password luna and Endpoint controller.cluster:7050
[DEBUG]:[2023-03-10 14:24:31,416]:[MainThread]:[rest.py:get_token@62] - Token URL => http://controller.cluster:7050/token
[DEBUG]:[2023-03-10 14:24:31,423]:[MainThread]:[connectionpool.py:_new_conn@228] - Starting new HTTP connection (1): controller.cluster:7050
[DEBUG]:[2023-03-10 14:24:31,460]:[MainThread]:[connectionpool.py:_make_request@456] - http://controller.cluster:7050 "POST /token HTTP/1.1" 201 128
[DEBUG]:[2023-03-10 14:24:31,463]:[MainThread]:[rest.py:get_token@64] - Response Content => b'{"token": "eyJhbGciOiJIUzI1NiIsInR5cCI6IkpXVCJ9.eyJpZCI6MCwiZXhwIjoxNjgzNjM4NjY1fQ.XPA2ggFFyGkA6Ouu-t0T1WM05GTwiE006Qsq_NmmlFo"}', and HTTP Code 201
[DEBUG]:[2023-03-10 14:24:31,464]:[MainThread]:[rest.py:get_raw@168] - RAW URL => http://controller.cluster:7050/control/status/1678454662.10876686971115942
[DEBUG]:[2023-03-10 14:24:31,467]:[MainThread]:[connectionpool.py:_new_conn@228] - Starting new HTTP connection (1): controller.cluster:7050
[DEBUG]:[2023-03-10 14:24:31,497]:[MainThread]:[connectionpool.py:_make_request@456] - http://controller.cluster:7050 "GET /control/status/1678454662.10876686971115942 HTTP/1.1" 200 101
[DEBUG]:[2023-03-10 14:24:31,500]:[MainThread]:[rest.py:get_raw@170] - Response Content => b'{"control": {"power": {"failed": {"hostlist": ""}, "off": {"hostlist": ""}, "on": {"hostlist": ""}}}}', and HTTP Code 200
